c:\users\никита\documents\visual studio 2010\projects\capitals\capitals\release\main.obj
c:\users\никита\documents\visual studio 2010\projects\capitals\capitals\release\coutries.obj
c:\users\никита\documents\visual studio 2010\projects\capitals\capitals\release\vc100.pdb
h:\capitals\capitals\release\main.obj
h:\capitals\capitals\release\coutries.obj
h:\capitals\capitals\release\vc100.pdb
c:\users\никита\documents\visual studio 2010\projects\capitals\release\capitals.exe
c:\users\никита\documents\visual studio 2010\projects\capitals\capitals\release\capitals.exe.intermediate.manifest
c:\users\никита\documents\visual studio 2010\projects\capitals\release\capitals.pdb
h:\capitals\release\capitals.exe
h:\capitals\capitals\release\capitals.exe.intermediate.manifest
h:\capitals\release\capitals.pdb
d:\capitals\capitals\release\vc140.pdb
d:\capitals\capitals\release\main.obj
d:\capitals\capitals\release\countries.obj
d:\capitals\capitals\release\capitals.vcxprojresolveassemblyreference.cache
d:\capitals\capitals\release\coutries.obj
d:\capitals\capitals\release\capitals.write.1.tlog
d:\capitals\capitals\release\cl.command.1.tlog
d:\capitals\capitals\release\cl.read.1.tlog
d:\capitals\capitals\release\cl.write.1.tlog
d:\capitals\capitals\release\link.command.1.tlog
d:\capitals\capitals\release\link.read.1.tlog
d:\capitals\capitals\release\link.write.1.tlog
d:\capitals\capitals\release\mt.command.1.tlog
d:\capitals\capitals\release\mt.read.1.tlog
d:\capitals\capitals\release\mt.write.1.tlog
d:\capitals\capitals\release\capitals.exe.intermediate.manifest
d:\capitals\capitals\release\vc100.pdb
d:\capitals\release\capitals.pdb
d:\capitals\capitals\release\capitals.tlog\cl.command.1.tlog
d:\capitals\capitals\release\capitals.tlog\cl.read.1.tlog
d:\capitals\capitals\release\capitals.tlog\cl.write.1.tlog
d:\capitals\capitals\release\capitals.tlog\link-cvtres.read.1.tlog
d:\capitals\capitals\release\capitals.tlog\link-cvtres.write.1.tlog
d:\capitals\capitals\release\capitals.tlog\link-rc.read.1.tlog
d:\capitals\capitals\release\capitals.tlog\link-rc.write.1.tlog
d:\capitals\capitals\release\capitals.tlog\link.command.1.tlog
d:\capitals\capitals\release\capitals.tlog\link.read.1.tlog
d:\capitals\capitals\release\capitals.tlog\link.write.1.tlog
